The system is: Linux - 2.6.32-696.23.1.el6.x86_64 - x86_64
Compiling the C compiler identification source file "CMakeCCompilerId.c" succeeded.
Compiler: /cvmfs/cms.cern.ch/slc6_amd64_gcc493/external/gcc/4.9.3/bin/cc 
Build flags: 
Id flags: 

The output was:
0


Compilation of the C compiler identification source "CMakeCCompilerId.c" produced "a.out"

The C compiler identification is GNU, found in "/data/cmszfs1/user/revering/geant/si_target/TTarg-Build/CMakeFiles/3.5.2/CompilerIdC/a.out"

Compiling the CXX compiler identification source file "CMakeCXXCompilerId.cpp" succeeded.
Compiler: /cvmfs/cms.cern.ch/slc6_amd64_gcc493/external/gcc/4.9.3/bin/c++ 
Build flags: 
Id flags: 

The output was:
0


Compilation of the CXX compiler identification source "CMakeCXXCompilerId.cpp" produced "a.out"

The CXX compiler identification is GNU, found in "/data/cmszfs1/user/revering/geant/si_target/TTarg-Build/CMakeFiles/3.5.2/CompilerIdCXX/a.out"

Determining if the C compiler works passed with the following output:
Change Dir: /data/cmszfs1/user/revering/geant/si_target/TTarg-Build/CMakeFiles/CMakeTmp

Run Build Command:"/cvmfs/cms.cern.ch/slc6_amd64_gcc493/cms/cmssw/CMSSW_7_6_4/external/slc6_amd64_gcc493/bin/gmake" "cmTC_ac749/fast"
/cvmfs/cms.cern.ch/slc6_amd64_gcc493/cms/cmssw/CMSSW_7_6_4/external/slc6_amd64_gcc493/bin/gmake -f CMakeFiles/cmTC_ac749.dir/build.make CMakeFiles/cmTC_ac749.dir/build
gmake[1]: Entering directory `/data/cmszfs1/user/revering/geant/si_target/TTarg-Build/CMakeFiles/CMakeTmp'
Building C object CMakeFiles/cmTC_ac749.dir/testCCompiler.c.o
/cvmfs/cms.cern.ch/slc6_amd64_gcc493/external/gcc/4.9.3/bin/cc     -o CMakeFiles/cmTC_ac749.dir/testCCompiler.c.o   -c /data/cmszfs1/user/revering/geant/si_target/TTarg-Build/CMakeFiles/CMakeTmp/testCCompiler.c
Linking C executable cmTC_ac749
/cvmfs/cms.cern.ch/slc6_amd64_gcc493/external/cmake/3.5.2/bin/cmake -E cmake_link_script CMakeFiles/cmTC_ac749.dir/link.txt --verbose=1
/cvmfs/cms.cern.ch/slc6_amd64_gcc493/external/gcc/4.9.3/bin/cc       CMakeFiles/cmTC_ac749.dir/testCCompiler.c.o  -o cmTC_ac749 -rdynamic 
gmake[1]: Leaving directory `/data/cmszfs1/user/revering/geant/si_target/TTarg-Build/CMakeFiles/CMakeTmp'


Detecting C compiler ABI info compiled with the following output:
Change Dir: /data/cmszfs1/user/revering/geant/si_target/TTarg-Build/CMakeFiles/CMakeTmp

Run Build Command:"/cvmfs/cms.cern.ch/slc6_amd64_gcc493/cms/cmssw/CMSSW_7_6_4/external/slc6_amd64_gcc493/bin/gmake" "cmTC_b121c/fast"
/cvmfs/cms.cern.ch/slc6_amd64_gcc493/cms/cmssw/CMSSW_7_6_4/external/slc6_amd64_gcc493/bin/gmake -f CMakeFiles/cmTC_b121c.dir/build.make CMakeFiles/cmTC_b121c.dir/build
gmake[1]: Entering directory `/data/cmszfs1/user/revering/geant/si_target/TTarg-Build/CMakeFiles/CMakeTmp'
Building C object CMakeFiles/cmTC_b121c.dir/CMakeCCompilerABI.c.o
/cvmfs/cms.cern.ch/slc6_amd64_gcc493/external/gcc/4.9.3/bin/cc     -o CMakeFiles/cmTC_b121c.dir/CMakeCCompilerABI.c.o   -c /cvmfs/cms.cern.ch/slc6_amd64_gcc493/external/cmake/3.5.2/share/cmake-3.5/Modules/CMakeCCompilerABI.c
Linking C executable cmTC_b121c
/cvmfs/cms.cern.ch/slc6_amd64_gcc493/external/cmake/3.5.2/bin/cmake -E cmake_link_script CMakeFiles/cmTC_b121c.dir/link.txt --verbose=1
/cvmfs/cms.cern.ch/slc6_amd64_gcc493/external/gcc/4.9.3/bin/cc      -v CMakeFiles/cmTC_b121c.dir/CMakeCCompilerABI.c.o  -o cmTC_b121c -rdynamic  
Using built-in specs.
COLLECT_GCC=/cvmfs/cms.cern.ch/slc6_amd64_gcc493/external/gcc/4.9.3/bin/cc
COLLECT_LTO_WRAPPER=/cvmfs/cms.cern.ch/slc6_amd64_gcc493/external/gcc/4.9.3/bin/../libexec/gcc/x86_64-redhat-linux-gnu/4.9.3/lto-wrapper
Target: x86_64-redhat-linux-gnu
Configured with: ../configure --prefix=/build/degano/bootstrp_493/b/tmp/BUILDROOT/197df663da780c6ffc0133b16d54943b/opt/cmssw/slc6_amd64_gcc493/external/gcc/4.9.3 --disable-multilib --disable-nls --with-system-zlib --disable-dssi --enable-languages=c,c++,fortran --enable-__cxa_atexit --disable-libunwind-exceptions --enable-gnu-unique-object --enable-plugin --with-linker-hash-style=gnu --enable-linker-build-id --enable-gold=yes --enable-ld=default --enable-lto --with-gmp=/build/degano/bootstrp_493/b/tmp/BUILDROOT/197df663da780c6ffc0133b16d54943b/opt/cmssw/slc6_amd64_gcc493/external/gcc/4.9.3 --with-mpfr=/build/degano/bootstrp_493/b/tmp/BUILDROOT/197df663da780c6ffc0133b16d54943b/opt/cmssw/slc6_amd64_gcc493/external/gcc/4.9.3 --with-mpc=/build/degano/bootstrp_493/b/tmp/BUILDROOT/197df663da780c6ffc0133b16d54943b/opt/cmssw/slc6_amd64_gcc493/external/gcc/4.9.3 --with-isl=/build/degano/bootstrp_493/b/tmp/BUILDROOT/197df663da780c6ffc0133b16d54943b/opt/cmssw/slc6_amd64_gcc493/external/gcc/4.9.3 --with-cloog=/build/degano/bootstrp_493/b/tmp/BUILDROOT/197df663da780c6ffc0133b16d54943b/opt/cmssw/slc6_amd64_gcc493/external/gcc/4.9.3 --enable-checking=release --build=x86_64-redhat-linux-gnu --host=x86_64-redhat-linux-gnu --enable-libstdcxx-time=rt --enable-shared CC='gcc -fPIC' CXX='c++ -fPIC' CPP=cpp CXXCPP='c++ -E' CFLAGS=-I/build/degano/bootstrp_493/b/tmp/BUILDROOT/197df663da780c6ffc0133b16d54943b/opt/cmssw/slc6_amd64_gcc493/external/gcc/4.9.3/tmp/sw/include CXXFLAGS=-I/build/degano/bootstrp_493/b/tmp/BUILDROOT/197df663da780c6ffc0133b16d54943b/opt/cmssw/slc6_amd64_gcc493/external/gcc/4.9.3/tmp/sw/include LDFLAGS=-L/build/degano/bootstrp_493/b/tmp/BUILDROOT/197df663da780c6ffc0133b16d54943b/opt/cmssw/slc6_amd64_gcc493/external/gcc/4.9.3/tmp/sw/lib
Thread model: posix
gcc version 4.9.3 (GCC) 
COMPILER_PATH=/cvmfs/cms.cern.ch/slc6_amd64_gcc493/external/gcc/4.9.3/bin/../libexec/gcc/x86_64-redhat-linux-gnu/4.9.3/:/cvmfs/cms.cern.ch/slc6_amd64_gcc493/external/gcc/4.9.3/bin/../libexec/gcc/:/cvmfs/cms.cern.ch/slc6_amd64_gcc493/external/gcc/4.9.3/bin/../lib/gcc/x86_64-redhat-linux-gnu/4.9.3/../../../../x86_64-redhat-linux-gnu/bin/
LIBRARY_PATH=/cvmfs/cms.cern.ch/slc6_amd64_gcc493/external/gcc/4.9.3/bin/../lib/gcc/x86_64-redhat-linux-gnu/4.9.3/:/cvmfs/cms.cern.ch/slc6_amd64_gcc493/external/gcc/4.9.3/bin/../lib/gcc/:/cvmfs/cms.cern.ch/slc6_amd64_gcc493/external/gcc/4.9.3/bin/../lib/gcc/x86_64-redhat-linux-gnu/4.9.3/../../../../lib64/:/lib/../lib64/:/usr/lib/../lib64/:/cvmfs/cms.cern.ch/slc6_amd64_gcc493/external/gcc/4.9.3/bin/../lib/gcc/x86_64-redhat-linux-gnu/4.9.3/../../../../x86_64-redhat-linux-gnu/lib/:/cvmfs/cms.cern.ch/slc6_amd64_gcc493/external/gcc/4.9.3/bin/../lib/gcc/x86_64-redhat-linux-gnu/4.9.3/../../../:/lib/:/usr/lib/
COLLECT_GCC_OPTIONS='-v' '-o' 'cmTC_b121c' '-rdynamic' '-mtune=generic' '-march=x86-64'
 /cvmfs/cms.cern.ch/slc6_amd64_gcc493/external/gcc/4.9.3/bin/../libexec/gcc/x86_64-redhat-linux-gnu/4.9.3/collect2 -plugin /cvmfs/cms.cern.ch/slc6_amd64_gcc493/external/gcc/4.9.3/bin/../libexec/gcc/x86_64-redhat-linux-gnu/4.9.3/liblto_plugin.so -plugin-opt=/cvmfs/cms.cern.ch/slc6_amd64_gcc493/external/gcc/4.9.3/bin/../libexec/gcc/x86_64-redhat-linux-gnu/4.9.3/lto-wrapper -plugin-opt=-fresolution=/export/scratch/tmp/ccLftFIL.res -plugin-opt=-pass-through=-lgcc -plugin-opt=-pass-through=-lgcc_s -plugin-opt=-pass-through=-lc -plugin-opt=-pass-through=-lgcc -plugin-opt=-pass-through=-lgcc_s --build-id --eh-frame-hdr --hash-style=gnu -m elf_x86_64 -export-dynamic -dynamic-linker /lib64/ld-linux-x86-64.so.2 -z common-page-size=4096 -z max-page-size=4096 -o cmTC_b121c /usr/lib/../lib64/crt1.o /usr/lib/../lib64/crti.o /cvmfs/cms.cern.ch/slc6_amd64_gcc493/external/gcc/4.9.3/bin/../lib/gcc/x86_64-redhat-linux-gnu/4.9.3/crtbegin.o -L/cvmfs/cms.cern.ch/slc6_amd64_gcc493/external/gcc/4.9.3/bin/../lib/gcc/x86_64-redhat-linux-gnu/4.9.3 -L/cvmfs/cms.cern.ch/slc6_amd64_gcc493/external/gcc/4.9.3/bin/../lib/gcc -L/cvmfs/cms.cern.ch/slc6_amd64_gcc493/external/gcc/4.9.3/bin/../lib/gcc/x86_64-redhat-linux-gnu/4.9.3/../../../../lib64 -L/lib/../lib64 -L/usr/lib/../lib64 -L/cvmfs/cms.cern.ch/slc6_amd64_gcc493/external/gcc/4.9.3/bin/../lib/gcc/x86_64-redhat-linux-gnu/4.9.3/../../../../x86_64-redhat-linux-gnu/lib -L/cvmfs/cms.cern.ch/slc6_amd64_gcc493/external/gcc/4.9.3/bin/../lib/gcc/x86_64-redhat-linux-gnu/4.9.3/../../.. CMakeFiles/cmTC_b121c.dir/CMakeCCompilerABI.c.o -lgcc --as-needed -lgcc_s --no-as-needed -lc -lgcc --as-needed -lgcc_s --no-as-needed /cvmfs/cms.cern.ch/slc6_amd64_gcc493/external/gcc/4.9.3/bin/../lib/gcc/x86_64-redhat-linux-gnu/4.9.3/crtend.o /usr/lib/../lib64/crtn.o
gmake[1]: Leaving directory `/data/cmszfs1/user/revering/geant/si_target/TTarg-Build/CMakeFiles/CMakeTmp'


Parsed C implicit link information from above output:
  link line regex: [^( *|.*[/\])(ld|([^/\]+-)?ld|collect2)[^/\]*( |$)]
  ignore line: [Change Dir: /data/cmszfs1/user/revering/geant/si_target/TTarg-Build/CMakeFiles/CMakeTmp]
  ignore line: []
  ignore line: [Run Build Command:"/cvmfs/cms.cern.ch/slc6_amd64_gcc493/cms/cmssw/CMSSW_7_6_4/external/slc6_amd64_gcc493/bin/gmake" "cmTC_b121c/fast"]
  ignore line: [/cvmfs/cms.cern.ch/slc6_amd64_gcc493/cms/cmssw/CMSSW_7_6_4/external/slc6_amd64_gcc493/bin/gmake -f CMakeFiles/cmTC_b121c.dir/build.make CMakeFiles/cmTC_b121c.dir/build]
  ignore line: [gmake[1]: Entering directory `/data/cmszfs1/user/revering/geant/si_target/TTarg-Build/CMakeFiles/CMakeTmp']
  ignore line: [Building C object CMakeFiles/cmTC_b121c.dir/CMakeCCompilerABI.c.o]
  ignore line: [/cvmfs/cms.cern.ch/slc6_amd64_gcc493/external/gcc/4.9.3/bin/cc     -o CMakeFiles/cmTC_b121c.dir/CMakeCCompilerABI.c.o   -c /cvmfs/cms.cern.ch/slc6_amd64_gcc493/external/cmake/3.5.2/share/cmake-3.5/Modules/CMakeCCompilerABI.c]
  ignore line: [Linking C executable cmTC_b121c]
  ignore line: [/cvmfs/cms.cern.ch/slc6_amd64_gcc493/external/cmake/3.5.2/bin/cmake -E cmake_link_script CMakeFiles/cmTC_b121c.dir/link.txt --verbose=1]
  ignore line: [/cvmfs/cms.cern.ch/slc6_amd64_gcc493/external/gcc/4.9.3/bin/cc      -v CMakeFiles/cmTC_b121c.dir/CMakeCCompilerABI.c.o  -o cmTC_b121c -rdynamic  ]
  ignore line: [Using built-in specs.]
  ignore line: [COLLECT_GCC=/cvmfs/cms.cern.ch/slc6_amd64_gcc493/external/gcc/4.9.3/bin/cc]
  ignore line: [COLLECT_LTO_WRAPPER=/cvmfs/cms.cern.ch/slc6_amd64_gcc493/external/gcc/4.9.3/bin/../libexec/gcc/x86_64-redhat-linux-gnu/4.9.3/lto-wrapper]
  ignore line: [Target: x86_64-redhat-linux-gnu]
  ignore line: [Configured with: ../configure --prefix=/build/degano/bootstrp_493/b/tmp/BUILDROOT/197df663da780c6ffc0133b16d54943b/opt/cmssw/slc6_amd64_gcc493/external/gcc/4.9.3 --disable-multilib --disable-nls --with-system-zlib --disable-dssi --enable-languages=c,c++,fortran --enable-__cxa_atexit --disable-libunwind-exceptions --enable-gnu-unique-object --enable-plugin --with-linker-hash-style=gnu --enable-linker-build-id --enable-gold=yes --enable-ld=default --enable-lto --with-gmp=/build/degano/bootstrp_493/b/tmp/BUILDROOT/197df663da780c6ffc0133b16d54943b/opt/cmssw/slc6_amd64_gcc493/external/gcc/4.9.3 --with-mpfr=/build/degano/bootstrp_493/b/tmp/BUILDROOT/197df663da780c6ffc0133b16d54943b/opt/cmssw/slc6_amd64_gcc493/external/gcc/4.9.3 --with-mpc=/build/degano/bootstrp_493/b/tmp/BUILDROOT/197df663da780c6ffc0133b16d54943b/opt/cmssw/slc6_amd64_gcc493/external/gcc/4.9.3 --with-isl=/build/degano/bootstrp_493/b/tmp/BUILDROOT/197df663da780c6ffc0133b16d54943b/opt/cmssw/slc6_amd64_gcc493/external/gcc/4.9.3 --with-cloog=/build/degano/bootstrp_493/b/tmp/BUILDROOT/197df663da780c6ffc0133b16d54943b/opt/cmssw/slc6_amd64_gcc493/external/gcc/4.9.3 --enable-checking=release --build=x86_64-redhat-linux-gnu --host=x86_64-redhat-linux-gnu --enable-libstdcxx-time=rt --enable-shared CC='gcc -fPIC' CXX='c++ -fPIC' CPP=cpp CXXCPP='c++ -E' CFLAGS=-I/build/degano/bootstrp_493/b/tmp/BUILDROOT/197df663da780c6ffc0133b16d54943b/opt/cmssw/slc6_amd64_gcc493/external/gcc/4.9.3/tmp/sw/include CXXFLAGS=-I/build/degano/bootstrp_493/b/tmp/BUILDROOT/197df663da780c6ffc0133b16d54943b/opt/cmssw/slc6_amd64_gcc493/external/gcc/4.9.3/tmp/sw/include LDFLAGS=-L/build/degano/bootstrp_493/b/tmp/BUILDROOT/197df663da780c6ffc0133b16d54943b/opt/cmssw/slc6_amd64_gcc493/external/gcc/4.9.3/tmp/sw/lib]
  ignore line: [Thread model: posix]
  ignore line: [gcc version 4.9.3 (GCC) ]
  ignore line: [COMPILER_PATH=/cvmfs/cms.cern.ch/slc6_amd64_gcc493/external/gcc/4.9.3/bin/../libexec/gcc/x86_64-redhat-linux-gnu/4.9.3/:/cvmfs/cms.cern.ch/slc6_amd64_gcc493/external/gcc/4.9.3/bin/../libexec/gcc/:/cvmfs/cms.cern.ch/slc6_amd64_gcc493/external/gcc/4.9.3/bin/../lib/gcc/x86_64-redhat-linux-gnu/4.9.3/../../../../x86_64-redhat-linux-gnu/bin/]
  ignore line: [LIBRARY_PATH=/cvmfs/cms.cern.ch/slc6_amd64_gcc493/external/gcc/4.9.3/bin/../lib/gcc/x86_64-redhat-linux-gnu/4.9.3/:/cvmfs/cms.cern.ch/slc6_amd64_gcc493/external/gcc/4.9.3/bin/../lib/gcc/:/cvmfs/cms.cern.ch/slc6_amd64_gcc493/external/gcc/4.9.3/bin/../lib/gcc/x86_64-redhat-linux-gnu/4.9.3/../../../../lib64/:/lib/../lib64/:/usr/lib/../lib64/:/cvmfs/cms.cern.ch/slc6_amd64_gcc493/external/gcc/4.9.3/bin/../lib/gcc/x86_64-redhat-linux-gnu/4.9.3/../../../../x86_64-redhat-linux-gnu/lib/:/cvmfs/cms.cern.ch/slc6_amd64_gcc493/external/gcc/4.9.3/bin/../lib/gcc/x86_64-redhat-linux-gnu/4.9.3/../../../:/lib/:/usr/lib/]
  ignore line: [COLLECT_GCC_OPTIONS='-v' '-o' 'cmTC_b121c' '-rdynamic' '-mtune=generic' '-march=x86-64']
  link line: [ /cvmfs/cms.cern.ch/slc6_amd64_gcc493/external/gcc/4.9.3/bin/../libexec/gcc/x86_64-redhat-linux-gnu/4.9.3/collect2 -plugin /cvmfs/cms.cern.ch/slc6_amd64_gcc493/external/gcc/4.9.3/bin/../libexec/gcc/x86_64-redhat-linux-gnu/4.9.3/liblto_plugin.so -plugin-opt=/cvmfs/cms.cern.ch/slc6_amd64_gcc493/external/gcc/4.9.3/bin/../libexec/gcc/x86_64-redhat-linux-gnu/4.9.3/lto-wrapper -plugin-opt=-fresolution=/export/scratch/tmp/ccLftFIL.res -plugin-opt=-pass-through=-lgcc -plugin-opt=-pass-through=-lgcc_s -plugin-opt=-pass-through=-lc -plugin-opt=-pass-through=-lgcc -plugin-opt=-pass-through=-lgcc_s --build-id --eh-frame-hdr --hash-style=gnu -m elf_x86_64 -export-dynamic -dynamic-linker /lib64/ld-linux-x86-64.so.2 -z common-page-size=4096 -z max-page-size=4096 -o cmTC_b121c /usr/lib/../lib64/crt1.o /usr/lib/../lib64/crti.o /cvmfs/cms.cern.ch/slc6_amd64_gcc493/external/gcc/4.9.3/bin/../lib/gcc/x86_64-redhat-linux-gnu/4.9.3/crtbegin.o -L/cvmfs/cms.cern.ch/slc6_amd64_gcc493/external/gcc/4.9.3/bin/../lib/gcc/x86_64-redhat-linux-gnu/4.9.3 -L/cvmfs/cms.cern.ch/slc6_amd64_gcc493/external/gcc/4.9.3/bin/../lib/gcc -L/cvmfs/cms.cern.ch/slc6_amd64_gcc493/external/gcc/4.9.3/bin/../lib/gcc/x86_64-redhat-linux-gnu/4.9.3/../../../../lib64 -L/lib/../lib64 -L/usr/lib/../lib64 -L/cvmfs/cms.cern.ch/slc6_amd64_gcc493/external/gcc/4.9.3/bin/../lib/gcc/x86_64-redhat-linux-gnu/4.9.3/../../../../x86_64-redhat-linux-gnu/lib -L/cvmfs/cms.cern.ch/slc6_amd64_gcc493/external/gcc/4.9.3/bin/../lib/gcc/x86_64-redhat-linux-gnu/4.9.3/../../.. CMakeFiles/cmTC_b121c.dir/CMakeCCompilerABI.c.o -lgcc --as-needed -lgcc_s --no-as-needed -lc -lgcc --as-needed -lgcc_s --no-as-needed /cvmfs/cms.cern.ch/slc6_amd64_gcc493/external/gcc/4.9.3/bin/../lib/gcc/x86_64-redhat-linux-gnu/4.9.3/crtend.o /usr/lib/../lib64/crtn.o]
    arg [/cvmfs/cms.cern.ch/slc6_amd64_gcc493/external/gcc/4.9.3/bin/../libexec/gcc/x86_64-redhat-linux-gnu/4.9.3/collect2] ==> ignore
    arg [-plugin] ==> ignore
    arg [/cvmfs/cms.cern.ch/slc6_amd64_gcc493/external/gcc/4.9.3/bin/../libexec/gcc/x86_64-redhat-linux-gnu/4.9.3/liblto_plugin.so] ==> ignore
    arg [-plugin-opt=/cvmfs/cms.cern.ch/slc6_amd64_gcc493/external/gcc/4.9.3/bin/../libexec/gcc/x86_64-redhat-linux-gnu/4.9.3/lto-wrapper] ==> ignore
    arg [-plugin-opt=-fresolution=/export/scratch/tmp/ccLftFIL.res] ==> ignore
    arg [-plugin-opt=-pass-through=-lgcc] ==> ignore
    arg [-plugin-opt=-pass-through=-lgcc_s] ==> ignore
    arg [-plugin-opt=-pass-through=-lc] ==> ignore
    arg [-plugin-opt=-pass-through=-lgcc] ==> ignore
    arg [-plugin-opt=-pass-through=-lgcc_s] ==> ignore
    arg [--build-id] ==> ignore
    arg [--eh-frame-hdr] ==> ignore
    arg [--hash-style=gnu] ==> ignore
    arg [-m] ==> ignore
    arg [elf_x86_64] ==> ignore
    arg [-export-dynamic] ==> ignore
    arg [-dynamic-linker] ==> ignore
    arg [/lib64/ld-linux-x86-64.so.2] ==> ignore
    arg [-zcommon-page-size=4096] ==> ignore
    arg [-zmax-page-size=4096] ==> ignore
    arg [-o] ==> ignore
    arg [cmTC_b121c] ==> ignore
    arg [/usr/lib/../lib64/crt1.o] ==> ignore
    arg [/usr/lib/../lib64/crti.o] ==> ignore
    arg [/cvmfs/cms.cern.ch/slc6_amd64_gcc493/external/gcc/4.9.3/bin/../lib/gcc/x86_64-redhat-linux-gnu/4.9.3/crtbegin.o] ==> ignore
    arg [-L/cvmfs/cms.cern.ch/slc6_amd64_gcc493/external/gcc/4.9.3/bin/../lib/gcc/x86_64-redhat-linux-gnu/4.9.3] ==> dir [/cvmfs/cms.cern.ch/slc6_amd64_gcc493/external/gcc/4.9.3/bin/../lib/gcc/x86_64-redhat-linux-gnu/4.9.3]
    arg [-L/cvmfs/cms.cern.ch/slc6_amd64_gcc493/external/gcc/4.9.3/bin/../lib/gcc] ==> dir [/cvmfs/cms.cern.ch/slc6_amd64_gcc493/external/gcc/4.9.3/bin/../lib/gcc]
    arg [-L/cvmfs/cms.cern.ch/slc6_amd64_gcc493/external/gcc/4.9.3/bin/../lib/gcc/x86_64-redhat-linux-gnu/4.9.3/../../../../lib64] ==> dir [/cvmfs/cms.cern.ch/slc6_amd64_gcc493/external/gcc/4.9.3/bin/../lib/gcc/x86_64-redhat-linux-gnu/4.9.3/../../../../lib64]
    arg [-L/lib/../lib64] ==> dir [/lib/../lib64]
    arg [-L/usr/lib/../lib64] ==> dir [/usr/lib/../lib64]
    arg [-L/cvmfs/cms.cern.ch/slc6_amd64_gcc493/external/gcc/4.9.3/bin/../lib/gcc/x86_64-redhat-linux-gnu/4.9.3/../../../../x86_64-redhat-linux-gnu/lib] ==> dir [/cvmfs/cms.cern.ch/slc6_amd64_gcc493/external/gcc/4.9.3/bin/../lib/gcc/x86_64-redhat-linux-gnu/4.9.3/../../../../x86_64-redhat-linux-gnu/lib]
    arg [-L/cvmfs/cms.cern.ch/slc6_amd64_gcc493/external/gcc/4.9.3/bin/../lib/gcc/x86_64-redhat-linux-gnu/4.9.3/../../..] ==> dir [/cvmfs/cms.cern.ch/slc6_amd64_gcc493/external/gcc/4.9.3/bin/../lib/gcc/x86_64-redhat-linux-gnu/4.9.3/../../..]
    arg [CMakeFiles/cmTC_b121c.dir/CMakeCCompilerABI.c.o] ==> ignore
    arg [-lgcc] ==> lib [gcc]
    arg [--as-needed] ==> ignore
    arg [-lgcc_s] ==> lib [gcc_s]
    arg [--no-as-needed] ==> ignore
    arg [-lc] ==> lib [c]
    arg [-lgcc] ==> lib [gcc]
    arg [--as-needed] ==> ignore
    arg [-lgcc_s] ==> lib [gcc_s]
    arg [--no-as-needed] ==> ignore
    arg [/cvmfs/cms.cern.ch/slc6_amd64_gcc493/external/gcc/4.9.3/bin/../lib/gcc/x86_64-redhat-linux-gnu/4.9.3/crtend.o] ==> ignore
    arg [/usr/lib/../lib64/crtn.o] ==> ignore
  remove lib [gcc]
  remove lib [gcc_s]
  remove lib [gcc]
  remove lib [gcc_s]
  collapse library dir [/cvmfs/cms.cern.ch/slc6_amd64_gcc493/external/gcc/4.9.3/bin/../lib/gcc/x86_64-redhat-linux-gnu/4.9.3] ==> [/cvmfs/cms.cern.ch/slc6_amd64_gcc493/external/gcc/4.9.3/lib/gcc/x86_64-redhat-linux-gnu/4.9.3]
  collapse library dir [/cvmfs/cms.cern.ch/slc6_amd64_gcc493/external/gcc/4.9.3/bin/../lib/gcc] ==> [/cvmfs/cms.cern.ch/slc6_amd64_gcc493/external/gcc/4.9.3/lib/gcc]
  collapse library dir [/cvmfs/cms.cern.ch/slc6_amd64_gcc493/external/gcc/4.9.3/bin/../lib/gcc/x86_64-redhat-linux-gnu/4.9.3/../../../../lib64] ==> [/cvmfs/cms.cern.ch/slc6_amd64_gcc493/external/gcc/4.9.3/lib64]
  collapse library dir [/lib/../lib64] ==> [/lib64]
  collapse library dir [/usr/lib/../lib64] ==> [/usr/lib64]
  collapse library dir [/cvmfs/cms.cern.ch/slc6_amd64_gcc493/external/gcc/4.9.3/bin/../lib/gcc/x86_64-redhat-linux-gnu/4.9.3/../../../../x86_64-redhat-linux-gnu/lib] ==> [/cvmfs/cms.cern.ch/slc6_amd64_gcc493/external/gcc/4.9.3/x86_64-redhat-linux-gnu/lib]
  collapse library dir [/cvmfs/cms.cern.ch/slc6_amd64_gcc493/external/gcc/4.9.3/bin/../lib/gcc/x86_64-redhat-linux-gnu/4.9.3/../../..] ==> [/cvmfs/cms.cern.ch/slc6_amd64_gcc493/external/gcc/4.9.3/lib]
  implicit libs: [c]
  implicit dirs: [/cvmfs/cms.cern.ch/slc6_amd64_gcc493/external/gcc/4.9.3/lib/gcc/x86_64-redhat-linux-gnu/4.9.3;/cvmfs/cms.cern.ch/slc6_amd64_gcc493/external/gcc/4.9.3/lib/gcc;/cvmfs/cms.cern.ch/slc6_amd64_gcc493/external/gcc/4.9.3/lib64;/lib64;/usr/lib64;/cvmfs/cms.cern.ch/slc6_amd64_gcc493/external/gcc/4.9.3/x86_64-redhat-linux-gnu/lib;/cvmfs/cms.cern.ch/slc6_amd64_gcc493/external/gcc/4.9.3/lib]
  implicit fwks: []




Detecting C [-std=c11] compiler features compiled with the following output:
Change Dir: /data/cmszfs1/user/revering/geant/si_target/TTarg-Build/CMakeFiles/CMakeTmp

Run Build Command:"/cvmfs/cms.cern.ch/slc6_amd64_gcc493/cms/cmssw/CMSSW_7_6_4/external/slc6_amd64_gcc493/bin/gmake" "cmTC_8baea/fast"
/cvmfs/cms.cern.ch/slc6_amd64_gcc493/cms/cmssw/CMSSW_7_6_4/external/slc6_amd64_gcc493/bin/gmake -f CMakeFiles/cmTC_8baea.dir/build.make CMakeFiles/cmTC_8baea.dir/build
gmake[1]: Entering directory `/data/cmszfs1/user/revering/geant/si_target/TTarg-Build/CMakeFiles/CMakeTmp'
Building C object CMakeFiles/cmTC_8baea.dir/feature_tests.c.o
/cvmfs/cms.cern.ch/slc6_amd64_gcc493/external/gcc/4.9.3/bin/cc    -std=c11 -o CMakeFiles/cmTC_8baea.dir/feature_tests.c.o   -c /data/cmszfs1/user/revering/geant/si_target/TTarg-Build/CMakeFiles/feature_tests.c
Linking C executable cmTC_8baea
/cvmfs/cms.cern.ch/slc6_amd64_gcc493/external/cmake/3.5.2/bin/cmake -E cmake_link_script CMakeFiles/cmTC_8baea.dir/link.txt --verbose=1
/cvmfs/cms.cern.ch/slc6_amd64_gcc493/external/gcc/4.9.3/bin/cc       CMakeFiles/cmTC_8baea.dir/feature_tests.c.o  -o cmTC_8baea -rdynamic 
gmake[1]: Leaving directory `/data/cmszfs1/user/revering/geant/si_target/TTarg-Build/CMakeFiles/CMakeTmp'


    Feature record: C_FEATURE:1c_function_prototypes
    Feature record: C_FEATURE:1c_restrict
    Feature record: C_FEATURE:1c_static_assert
    Feature record: C_FEATURE:1c_variadic_macros


Detecting C [-std=c99] compiler features compiled with the following output:
Change Dir: /data/cmszfs1/user/revering/geant/si_target/TTarg-Build/CMakeFiles/CMakeTmp

Run Build Command:"/cvmfs/cms.cern.ch/slc6_amd64_gcc493/cms/cmssw/CMSSW_7_6_4/external/slc6_amd64_gcc493/bin/gmake" "cmTC_1fd4f/fast"
/cvmfs/cms.cern.ch/slc6_amd64_gcc493/cms/cmssw/CMSSW_7_6_4/external/slc6_amd64_gcc493/bin/gmake -f CMakeFiles/cmTC_1fd4f.dir/build.make CMakeFiles/cmTC_1fd4f.dir/build
gmake[1]: Entering directory `/data/cmszfs1/user/revering/geant/si_target/TTarg-Build/CMakeFiles/CMakeTmp'
Building C object CMakeFiles/cmTC_1fd4f.dir/feature_tests.c.o
/cvmfs/cms.cern.ch/slc6_amd64_gcc493/external/gcc/4.9.3/bin/cc    -std=c99 -o CMakeFiles/cmTC_1fd4f.dir/feature_tests.c.o   -c /data/cmszfs1/user/revering/geant/si_target/TTarg-Build/CMakeFiles/feature_tests.c
Linking C executable cmTC_1fd4f
/cvmfs/cms.cern.ch/slc6_amd64_gcc493/external/cmake/3.5.2/bin/cmake -E cmake_link_script CMakeFiles/cmTC_1fd4f.dir/link.txt --verbose=1
/cvmfs/cms.cern.ch/slc6_amd64_gcc493/external/gcc/4.9.3/bin/cc       CMakeFiles/cmTC_1fd4f.dir/feature_tests.c.o  -o cmTC_1fd4f -rdynamic 
gmake[1]: Leaving directory `/data/cmszfs1/user/revering/geant/si_target/TTarg-Build/CMakeFiles/CMakeTmp'


    Feature record: C_FEATURE:1c_function_prototypes
    Feature record: C_FEATURE:1c_restrict
    Feature record: C_FEATURE:0c_static_assert
    Feature record: C_FEATURE:1c_variadic_macros


Detecting C [-std=c90] compiler features compiled with the following output:
Change Dir: /data/cmszfs1/user/revering/geant/si_target/TTarg-Build/CMakeFiles/CMakeTmp

Run Build Command:"/cvmfs/cms.cern.ch/slc6_amd64_gcc493/cms/cmssw/CMSSW_7_6_4/external/slc6_amd64_gcc493/bin/gmake" "cmTC_ca0cd/fast"
/cvmfs/cms.cern.ch/slc6_amd64_gcc493/cms/cmssw/CMSSW_7_6_4/external/slc6_amd64_gcc493/bin/gmake -f CMakeFiles/cmTC_ca0cd.dir/build.make CMakeFiles/cmTC_ca0cd.dir/build
gmake[1]: Entering directory `/data/cmszfs1/user/revering/geant/si_target/TTarg-Build/CMakeFiles/CMakeTmp'
Building C object CMakeFiles/cmTC_ca0cd.dir/feature_tests.c.o
/cvmfs/cms.cern.ch/slc6_amd64_gcc493/external/gcc/4.9.3/bin/cc    -std=c90 -o CMakeFiles/cmTC_ca0cd.dir/feature_tests.c.o   -c /data/cmszfs1/user/revering/geant/si_target/TTarg-Build/CMakeFiles/feature_tests.c
Linking C executable cmTC_ca0cd
/cvmfs/cms.cern.ch/slc6_amd64_gcc493/external/cmake/3.5.2/bin/cmake -E cmake_link_script CMakeFiles/cmTC_ca0cd.dir/link.txt --verbose=1
/cvmfs/cms.cern.ch/slc6_amd64_gcc493/external/gcc/4.9.3/bin/cc       CMakeFiles/cmTC_ca0cd.dir/feature_tests.c.o  -o cmTC_ca0cd -rdynamic 
gmake[1]: Leaving directory `/data/cmszfs1/user/revering/geant/si_target/TTarg-Build/CMakeFiles/CMakeTmp'


    Feature record: C_FEATURE:1c_function_prototypes
    Feature record: C_FEATURE:0c_restrict
    Feature record: C_FEATURE:0c_static_assert
    Feature record: C_FEATURE:0c_variadic_macros
Determining if the CXX compiler works passed with the following output:
Change Dir: /data/cmszfs1/user/revering/geant/si_target/TTarg-Build/CMakeFiles/CMakeTmp

Run Build Command:"/cvmfs/cms.cern.ch/slc6_amd64_gcc493/cms/cmssw/CMSSW_7_6_4/external/slc6_amd64_gcc493/bin/gmake" "cmTC_90dd8/fast"
/cvmfs/cms.cern.ch/slc6_amd64_gcc493/cms/cmssw/CMSSW_7_6_4/external/slc6_amd64_gcc493/bin/gmake -f CMakeFiles/cmTC_90dd8.dir/build.make CMakeFiles/cmTC_90dd8.dir/build
gmake[1]: Entering directory `/data/cmszfs1/user/revering/geant/si_target/TTarg-Build/CMakeFiles/CMakeTmp'
Building CXX object CMakeFiles/cmTC_90dd8.dir/testCXXCompiler.cxx.o
/cvmfs/cms.cern.ch/slc6_amd64_gcc493/external/gcc/4.9.3/bin/c++      -o CMakeFiles/cmTC_90dd8.dir/testCXXCompiler.cxx.o -c /data/cmszfs1/user/revering/geant/si_target/TTarg-Build/CMakeFiles/CMakeTmp/testCXXCompiler.cxx
Linking CXX executable cmTC_90dd8
/cvmfs/cms.cern.ch/slc6_amd64_gcc493/external/cmake/3.5.2/bin/cmake -E cmake_link_script CMakeFiles/cmTC_90dd8.dir/link.txt --verbose=1
/cvmfs/cms.cern.ch/slc6_amd64_gcc493/external/gcc/4.9.3/bin/c++        CMakeFiles/cmTC_90dd8.dir/testCXXCompiler.cxx.o  -o cmTC_90dd8 -rdynamic 
gmake[1]: Leaving directory `/data/cmszfs1/user/revering/geant/si_target/TTarg-Build/CMakeFiles/CMakeTmp'


Detecting CXX compiler ABI info compiled with the following output:
Change Dir: /data/cmszfs1/user/revering/geant/si_target/TTarg-Build/CMakeFiles/CMakeTmp

Run Build Command:"/cvmfs/cms.cern.ch/slc6_amd64_gcc493/cms/cmssw/CMSSW_7_6_4/external/slc6_amd64_gcc493/bin/gmake" "cmTC_8fcc3/fast"
/cvmfs/cms.cern.ch/slc6_amd64_gcc493/cms/cmssw/CMSSW_7_6_4/external/slc6_amd64_gcc493/bin/gmake -f CMakeFiles/cmTC_8fcc3.dir/build.make CMakeFiles/cmTC_8fcc3.dir/build
gmake[1]: Entering directory `/data/cmszfs1/user/revering/geant/si_target/TTarg-Build/CMakeFiles/CMakeTmp'
Building CXX object CMakeFiles/cmTC_8fcc3.dir/CMakeCXXCompilerABI.cpp.o
/cvmfs/cms.cern.ch/slc6_amd64_gcc493/external/gcc/4.9.3/bin/c++      -o CMakeFiles/cmTC_8fcc3.dir/CMakeCXXCompilerABI.cpp.o -c /cvmfs/cms.cern.ch/slc6_amd64_gcc493/external/cmake/3.5.2/share/cmake-3.5/Modules/CMakeCXXCompilerABI.cpp
Linking CXX executable cmTC_8fcc3
/cvmfs/cms.cern.ch/slc6_amd64_gcc493/external/cmake/3.5.2/bin/cmake -E cmake_link_script CMakeFiles/cmTC_8fcc3.dir/link.txt --verbose=1
/cvmfs/cms.cern.ch/slc6_amd64_gcc493/external/gcc/4.9.3/bin/c++       -v CMakeFiles/cmTC_8fcc3.dir/CMakeCXXCompilerABI.cpp.o  -o cmTC_8fcc3 -rdynamic  
Using built-in specs.
COLLECT_GCC=/cvmfs/cms.cern.ch/slc6_amd64_gcc493/external/gcc/4.9.3/bin/c++
COLLECT_LTO_WRAPPER=/cvmfs/cms.cern.ch/slc6_amd64_gcc493/external/gcc/4.9.3/bin/../libexec/gcc/x86_64-redhat-linux-gnu/4.9.3/lto-wrapper
Target: x86_64-redhat-linux-gnu
Configured with: ../configure --prefix=/build/degano/bootstrp_493/b/tmp/BUILDROOT/197df663da780c6ffc0133b16d54943b/opt/cmssw/slc6_amd64_gcc493/external/gcc/4.9.3 --disable-multilib --disable-nls --with-system-zlib --disable-dssi --enable-languages=c,c++,fortran --enable-__cxa_atexit --disable-libunwind-exceptions --enable-gnu-unique-object --enable-plugin --with-linker-hash-style=gnu --enable-linker-build-id --enable-gold=yes --enable-ld=default --enable-lto --with-gmp=/build/degano/bootstrp_493/b/tmp/BUILDROOT/197df663da780c6ffc0133b16d54943b/opt/cmssw/slc6_amd64_gcc493/external/gcc/4.9.3 --with-mpfr=/build/degano/bootstrp_493/b/tmp/BUILDROOT/197df663da780c6ffc0133b16d54943b/opt/cmssw/slc6_amd64_gcc493/external/gcc/4.9.3 --with-mpc=/build/degano/bootstrp_493/b/tmp/BUILDROOT/197df663da780c6ffc0133b16d54943b/opt/cmssw/slc6_amd64_gcc493/external/gcc/4.9.3 --with-isl=/build/degano/bootstrp_493/b/tmp/BUILDROOT/197df663da780c6ffc0133b16d54943b/opt/cmssw/slc6_amd64_gcc493/external/gcc/4.9.3 --with-cloog=/build/degano/bootstrp_493/b/tmp/BUILDROOT/197df663da780c6ffc0133b16d54943b/opt/cmssw/slc6_amd64_gcc493/external/gcc/4.9.3 --enable-checking=release --build=x86_64-redhat-linux-gnu --host=x86_64-redhat-linux-gnu --enable-libstdcxx-time=rt --enable-shared CC='gcc -fPIC' CXX='c++ -fPIC' CPP=cpp CXXCPP='c++ -E' CFLAGS=-I/build/degano/bootstrp_493/b/tmp/BUILDROOT/197df663da780c6ffc0133b16d54943b/opt/cmssw/slc6_amd64_gcc493/external/gcc/4.9.3/tmp/sw/include CXXFLAGS=-I/build/degano/bootstrp_493/b/tmp/BUILDROOT/197df663da780c6ffc0133b16d54943b/opt/cmssw/slc6_amd64_gcc493/external/gcc/4.9.3/tmp/sw/include LDFLAGS=-L/build/degano/bootstrp_493/b/tmp/BUILDROOT/197df663da780c6ffc0133b16d54943b/opt/cmssw/slc6_amd64_gcc493/external/gcc/4.9.3/tmp/sw/lib
Thread model: posix
gcc version 4.9.3 (GCC) 
COMPILER_PATH=/cvmfs/cms.cern.ch/slc6_amd64_gcc493/external/gcc/4.9.3/bin/../libexec/gcc/x86_64-redhat-linux-gnu/4.9.3/:/cvmfs/cms.cern.ch/slc6_amd64_gcc493/external/gcc/4.9.3/bin/../libexec/gcc/:/cvmfs/cms.cern.ch/slc6_amd64_gcc493/external/gcc/4.9.3/bin/../lib/gcc/x86_64-redhat-linux-gnu/4.9.3/../../../../x86_64-redhat-linux-gnu/bin/
LIBRARY_PATH=/cvmfs/cms.cern.ch/slc6_amd64_gcc493/external/gcc/4.9.3/bin/../lib/gcc/x86_64-redhat-linux-gnu/4.9.3/:/cvmfs/cms.cern.ch/slc6_amd64_gcc493/external/gcc/4.9.3/bin/../lib/gcc/:/cvmfs/cms.cern.ch/slc6_amd64_gcc493/external/gcc/4.9.3/bin/../lib/gcc/x86_64-redhat-linux-gnu/4.9.3/../../../../lib64/:/lib/../lib64/:/usr/lib/../lib64/:/cvmfs/cms.cern.ch/slc6_amd64_gcc493/external/gcc/4.9.3/bin/../lib/gcc/x86_64-redhat-linux-gnu/4.9.3/../../../../x86_64-redhat-linux-gnu/lib/:/cvmfs/cms.cern.ch/slc6_amd64_gcc493/external/gcc/4.9.3/bin/../lib/gcc/x86_64-redhat-linux-gnu/4.9.3/../../../:/lib/:/usr/lib/
COLLECT_GCC_OPTIONS='-v' '-o' 'cmTC_8fcc3' '-rdynamic' '-shared-libgcc' '-mtune=generic' '-march=x86-64'
 /cvmfs/cms.cern.ch/slc6_amd64_gcc493/external/gcc/4.9.3/bin/../libexec/gcc/x86_64-redhat-linux-gnu/4.9.3/collect2 -plugin /cvmfs/cms.cern.ch/slc6_amd64_gcc493/external/gcc/4.9.3/bin/../libexec/gcc/x86_64-redhat-linux-gnu/4.9.3/liblto_plugin.so -plugin-opt=/cvmfs/cms.cern.ch/slc6_amd64_gcc493/external/gcc/4.9.3/bin/../libexec/gcc/x86_64-redhat-linux-gnu/4.9.3/lto-wrapper -plugin-opt=-fresolution=/export/scratch/tmp/ccQoo9p9.res -plugin-opt=-pass-through=-lgcc_s -plugin-opt=-pass-through=-lgcc -plugin-opt=-pass-through=-lc -plugin-opt=-pass-through=-lgcc_s -plugin-opt=-pass-through=-lgcc --build-id --eh-frame-hdr --hash-style=gnu -m elf_x86_64 -export-dynamic -dynamic-linker /lib64/ld-linux-x86-64.so.2 -z common-page-size=4096 -z max-page-size=4096 -o cmTC_8fcc3 /usr/lib/../lib64/crt1.o /usr/lib/../lib64/crti.o /cvmfs/cms.cern.ch/slc6_amd64_gcc493/external/gcc/4.9.3/bin/../lib/gcc/x86_64-redhat-linux-gnu/4.9.3/crtbegin.o -L/cvmfs/cms.cern.ch/slc6_amd64_gcc493/external/gcc/4.9.3/bin/../lib/gcc/x86_64-redhat-linux-gnu/4.9.3 -L/cvmfs/cms.cern.ch/slc6_amd64_gcc493/external/gcc/4.9.3/bin/../lib/gcc -L/cvmfs/cms.cern.ch/slc6_amd64_gcc493/external/gcc/4.9.3/bin/../lib/gcc/x86_64-redhat-linux-gnu/4.9.3/../../../../lib64 -L/lib/../lib64 -L/usr/lib/../lib64 -L/cvmfs/cms.cern.ch/slc6_amd64_gcc493/external/gcc/4.9.3/bin/../lib/gcc/x86_64-redhat-linux-gnu/4.9.3/../../../../x86_64-redhat-linux-gnu/lib -L/cvmfs/cms.cern.ch/slc6_amd64_gcc493/external/gcc/4.9.3/bin/../lib/gcc/x86_64-redhat-linux-gnu/4.9.3/../../.. CMakeFiles/cmTC_8fcc3.dir/CMakeCXXCompilerABI.cpp.o -lstdc++ -lm -lgcc_s -lgcc -lc -lgcc_s -lgcc /cvmfs/cms.cern.ch/slc6_amd64_gcc493/external/gcc/4.9.3/bin/../lib/gcc/x86_64-redhat-linux-gnu/4.9.3/crtend.o /usr/lib/../lib64/crtn.o
gmake[1]: Leaving directory `/data/cmszfs1/user/revering/geant/si_target/TTarg-Build/CMakeFiles/CMakeTmp'


Parsed CXX implicit link information from above output:
  link line regex: [^( *|.*[/\])(ld|([^/\]+-)?ld|collect2)[^/\]*( |$)]
  ignore line: [Change Dir: /data/cmszfs1/user/revering/geant/si_target/TTarg-Build/CMakeFiles/CMakeTmp]
  ignore line: []
  ignore line: [Run Build Command:"/cvmfs/cms.cern.ch/slc6_amd64_gcc493/cms/cmssw/CMSSW_7_6_4/external/slc6_amd64_gcc493/bin/gmake" "cmTC_8fcc3/fast"]
  ignore line: [/cvmfs/cms.cern.ch/slc6_amd64_gcc493/cms/cmssw/CMSSW_7_6_4/external/slc6_amd64_gcc493/bin/gmake -f CMakeFiles/cmTC_8fcc3.dir/build.make CMakeFiles/cmTC_8fcc3.dir/build]
  ignore line: [gmake[1]: Entering directory `/data/cmszfs1/user/revering/geant/si_target/TTarg-Build/CMakeFiles/CMakeTmp']
  ignore line: [Building CXX object CMakeFiles/cmTC_8fcc3.dir/CMakeCXXCompilerABI.cpp.o]
  ignore line: [/cvmfs/cms.cern.ch/slc6_amd64_gcc493/external/gcc/4.9.3/bin/c++      -o CMakeFiles/cmTC_8fcc3.dir/CMakeCXXCompilerABI.cpp.o -c /cvmfs/cms.cern.ch/slc6_amd64_gcc493/external/cmake/3.5.2/share/cmake-3.5/Modules/CMakeCXXCompilerABI.cpp]
  ignore line: [Linking CXX executable cmTC_8fcc3]
  ignore line: [/cvmfs/cms.cern.ch/slc6_amd64_gcc493/external/cmake/3.5.2/bin/cmake -E cmake_link_script CMakeFiles/cmTC_8fcc3.dir/link.txt --verbose=1]
  ignore line: [/cvmfs/cms.cern.ch/slc6_amd64_gcc493/external/gcc/4.9.3/bin/c++       -v CMakeFiles/cmTC_8fcc3.dir/CMakeCXXCompilerABI.cpp.o  -o cmTC_8fcc3 -rdynamic  ]
  ignore line: [Using built-in specs.]
  ignore line: [COLLECT_GCC=/cvmfs/cms.cern.ch/slc6_amd64_gcc493/external/gcc/4.9.3/bin/c++]
  ignore line: [COLLECT_LTO_WRAPPER=/cvmfs/cms.cern.ch/slc6_amd64_gcc493/external/gcc/4.9.3/bin/../libexec/gcc/x86_64-redhat-linux-gnu/4.9.3/lto-wrapper]
  ignore line: [Target: x86_64-redhat-linux-gnu]
  ignore line: [Configured with: ../configure --prefix=/build/degano/bootstrp_493/b/tmp/BUILDROOT/197df663da780c6ffc0133b16d54943b/opt/cmssw/slc6_amd64_gcc493/external/gcc/4.9.3 --disable-multilib --disable-nls --with-system-zlib --disable-dssi --enable-languages=c,c++,fortran --enable-__cxa_atexit --disable-libunwind-exceptions --enable-gnu-unique-object --enable-plugin --with-linker-hash-style=gnu --enable-linker-build-id --enable-gold=yes --enable-ld=default --enable-lto --with-gmp=/build/degano/bootstrp_493/b/tmp/BUILDROOT/197df663da780c6ffc0133b16d54943b/opt/cmssw/slc6_amd64_gcc493/external/gcc/4.9.3 --with-mpfr=/build/degano/bootstrp_493/b/tmp/BUILDROOT/197df663da780c6ffc0133b16d54943b/opt/cmssw/slc6_amd64_gcc493/external/gcc/4.9.3 --with-mpc=/build/degano/bootstrp_493/b/tmp/BUILDROOT/197df663da780c6ffc0133b16d54943b/opt/cmssw/slc6_amd64_gcc493/external/gcc/4.9.3 --with-isl=/build/degano/bootstrp_493/b/tmp/BUILDROOT/197df663da780c6ffc0133b16d54943b/opt/cmssw/slc6_amd64_gcc493/external/gcc/4.9.3 --with-cloog=/build/degano/bootstrp_493/b/tmp/BUILDROOT/197df663da780c6ffc0133b16d54943b/opt/cmssw/slc6_amd64_gcc493/external/gcc/4.9.3 --enable-checking=release --build=x86_64-redhat-linux-gnu --host=x86_64-redhat-linux-gnu --enable-libstdcxx-time=rt --enable-shared CC='gcc -fPIC' CXX='c++ -fPIC' CPP=cpp CXXCPP='c++ -E' CFLAGS=-I/build/degano/bootstrp_493/b/tmp/BUILDROOT/197df663da780c6ffc0133b16d54943b/opt/cmssw/slc6_amd64_gcc493/external/gcc/4.9.3/tmp/sw/include CXXFLAGS=-I/build/degano/bootstrp_493/b/tmp/BUILDROOT/197df663da780c6ffc0133b16d54943b/opt/cmssw/slc6_amd64_gcc493/external/gcc/4.9.3/tmp/sw/include LDFLAGS=-L/build/degano/bootstrp_493/b/tmp/BUILDROOT/197df663da780c6ffc0133b16d54943b/opt/cmssw/slc6_amd64_gcc493/external/gcc/4.9.3/tmp/sw/lib]
  ignore line: [Thread model: posix]
  ignore line: [gcc version 4.9.3 (GCC) ]
  ignore line: [COMPILER_PATH=/cvmfs/cms.cern.ch/slc6_amd64_gcc493/external/gcc/4.9.3/bin/../libexec/gcc/x86_64-redhat-linux-gnu/4.9.3/:/cvmfs/cms.cern.ch/slc6_amd64_gcc493/external/gcc/4.9.3/bin/../libexec/gcc/:/cvmfs/cms.cern.ch/slc6_amd64_gcc493/external/gcc/4.9.3/bin/../lib/gcc/x86_64-redhat-linux-gnu/4.9.3/../../../../x86_64-redhat-linux-gnu/bin/]
  ignore line: [LIBRARY_PATH=/cvmfs/cms.cern.ch/slc6_amd64_gcc493/external/gcc/4.9.3/bin/../lib/gcc/x86_64-redhat-linux-gnu/4.9.3/:/cvmfs/cms.cern.ch/slc6_amd64_gcc493/external/gcc/4.9.3/bin/../lib/gcc/:/cvmfs/cms.cern.ch/slc6_amd64_gcc493/external/gcc/4.9.3/bin/../lib/gcc/x86_64-redhat-linux-gnu/4.9.3/../../../../lib64/:/lib/../lib64/:/usr/lib/../lib64/:/cvmfs/cms.cern.ch/slc6_amd64_gcc493/external/gcc/4.9.3/bin/../lib/gcc/x86_64-redhat-linux-gnu/4.9.3/../../../../x86_64-redhat-linux-gnu/lib/:/cvmfs/cms.cern.ch/slc6_amd64_gcc493/external/gcc/4.9.3/bin/../lib/gcc/x86_64-redhat-linux-gnu/4.9.3/../../../:/lib/:/usr/lib/]
  ignore line: [COLLECT_GCC_OPTIONS='-v' '-o' 'cmTC_8fcc3' '-rdynamic' '-shared-libgcc' '-mtune=generic' '-march=x86-64']
  link line: [ /cvmfs/cms.cern.ch/slc6_amd64_gcc493/external/gcc/4.9.3/bin/../libexec/gcc/x86_64-redhat-linux-gnu/4.9.3/collect2 -plugin /cvmfs/cms.cern.ch/slc6_amd64_gcc493/external/gcc/4.9.3/bin/../libexec/gcc/x86_64-redhat-linux-gnu/4.9.3/liblto_plugin.so -plugin-opt=/cvmfs/cms.cern.ch/slc6_amd64_gcc493/external/gcc/4.9.3/bin/../libexec/gcc/x86_64-redhat-linux-gnu/4.9.3/lto-wrapper -plugin-opt=-fresolution=/export/scratch/tmp/ccQoo9p9.res -plugin-opt=-pass-through=-lgcc_s -plugin-opt=-pass-through=-lgcc -plugin-opt=-pass-through=-lc -plugin-opt=-pass-through=-lgcc_s -plugin-opt=-pass-through=-lgcc --build-id --eh-frame-hdr --hash-style=gnu -m elf_x86_64 -export-dynamic -dynamic-linker /lib64/ld-linux-x86-64.so.2 -z common-page-size=4096 -z max-page-size=4096 -o cmTC_8fcc3 /usr/lib/../lib64/crt1.o /usr/lib/../lib64/crti.o /cvmfs/cms.cern.ch/slc6_amd64_gcc493/external/gcc/4.9.3/bin/../lib/gcc/x86_64-redhat-linux-gnu/4.9.3/crtbegin.o -L/cvmfs/cms.cern.ch/slc6_amd64_gcc493/external/gcc/4.9.3/bin/../lib/gcc/x86_64-redhat-linux-gnu/4.9.3 -L/cvmfs/cms.cern.ch/slc6_amd64_gcc493/external/gcc/4.9.3/bin/../lib/gcc -L/cvmfs/cms.cern.ch/slc6_amd64_gcc493/external/gcc/4.9.3/bin/../lib/gcc/x86_64-redhat-linux-gnu/4.9.3/../../../../lib64 -L/lib/../lib64 -L/usr/lib/../lib64 -L/cvmfs/cms.cern.ch/slc6_amd64_gcc493/external/gcc/4.9.3/bin/../lib/gcc/x86_64-redhat-linux-gnu/4.9.3/../../../../x86_64-redhat-linux-gnu/lib -L/cvmfs/cms.cern.ch/slc6_amd64_gcc493/external/gcc/4.9.3/bin/../lib/gcc/x86_64-redhat-linux-gnu/4.9.3/../../.. CMakeFiles/cmTC_8fcc3.dir/CMakeCXXCompilerABI.cpp.o -lstdc++ -lm -lgcc_s -lgcc -lc -lgcc_s -lgcc /cvmfs/cms.cern.ch/slc6_amd64_gcc493/external/gcc/4.9.3/bin/../lib/gcc/x86_64-redhat-linux-gnu/4.9.3/crtend.o /usr/lib/../lib64/crtn.o]
    arg [/cvmfs/cms.cern.ch/slc6_amd64_gcc493/external/gcc/4.9.3/bin/../libexec/gcc/x86_64-redhat-linux-gnu/4.9.3/collect2] ==> ignore
    arg [-plugin] ==> ignore
    arg [/cvmfs/cms.cern.ch/slc6_amd64_gcc493/external/gcc/4.9.3/bin/../libexec/gcc/x86_64-redhat-linux-gnu/4.9.3/liblto_plugin.so] ==> ignore
    arg [-plugin-opt=/cvmfs/cms.cern.ch/slc6_amd64_gcc493/external/gcc/4.9.3/bin/../libexec/gcc/x86_64-redhat-linux-gnu/4.9.3/lto-wrapper] ==> ignore
    arg [-plugin-opt=-fresolution=/export/scratch/tmp/ccQoo9p9.res] ==> ignore
    arg [-plugin-opt=-pass-through=-lgcc_s] ==> ignore
    arg [-plugin-opt=-pass-through=-lgcc] ==> ignore
    arg [-plugin-opt=-pass-through=-lc] ==> ignore
    arg [-plugin-opt=-pass-through=-lgcc_s] ==> ignore
    arg [-plugin-opt=-pass-through=-lgcc] ==> ignore
    arg [--build-id] ==> ignore
    arg [--eh-frame-hdr] ==> ignore
    arg [--hash-style=gnu] ==> ignore
    arg [-m] ==> ignore
    arg [elf_x86_64] ==> ignore
    arg [-export-dynamic] ==> ignore
    arg [-dynamic-linker] ==> ignore
    arg [/lib64/ld-linux-x86-64.so.2] ==> ignore
    arg [-zcommon-page-size=4096] ==> ignore
    arg [-zmax-page-size=4096] ==> ignore
    arg [-o] ==> ignore
    arg [cmTC_8fcc3] ==> ignore
    arg [/usr/lib/../lib64/crt1.o] ==> ignore
    arg [/usr/lib/../lib64/crti.o] ==> ignore
    arg [/cvmfs/cms.cern.ch/slc6_amd64_gcc493/external/gcc/4.9.3/bin/../lib/gcc/x86_64-redhat-linux-gnu/4.9.3/crtbegin.o] ==> ignore
    arg [-L/cvmfs/cms.cern.ch/slc6_amd64_gcc493/external/gcc/4.9.3/bin/../lib/gcc/x86_64-redhat-linux-gnu/4.9.3] ==> dir [/cvmfs/cms.cern.ch/slc6_amd64_gcc493/external/gcc/4.9.3/bin/../lib/gcc/x86_64-redhat-linux-gnu/4.9.3]
    arg [-L/cvmfs/cms.cern.ch/slc6_amd64_gcc493/external/gcc/4.9.3/bin/../lib/gcc] ==> dir [/cvmfs/cms.cern.ch/slc6_amd64_gcc493/external/gcc/4.9.3/bin/../lib/gcc]
    arg [-L/cvmfs/cms.cern.ch/slc6_amd64_gcc493/external/gcc/4.9.3/bin/../lib/gcc/x86_64-redhat-linux-gnu/4.9.3/../../../../lib64] ==> dir [/cvmfs/cms.cern.ch/slc6_amd64_gcc493/external/gcc/4.9.3/bin/../lib/gcc/x86_64-redhat-linux-gnu/4.9.3/../../../../lib64]
    arg [-L/lib/../lib64] ==> dir [/lib/../lib64]
    arg [-L/usr/lib/../lib64] ==> dir [/usr/lib/../lib64]
    arg [-L/cvmfs/cms.cern.ch/slc6_amd64_gcc493/external/gcc/4.9.3/bin/../lib/gcc/x86_64-redhat-linux-gnu/4.9.3/../../../../x86_64-redhat-linux-gnu/lib] ==> dir [/cvmfs/cms.cern.ch/slc6_amd64_gcc493/external/gcc/4.9.3/bin/../lib/gcc/x86_64-redhat-linux-gnu/4.9.3/../../../../x86_64-redhat-linux-gnu/lib]
    arg [-L/cvmfs/cms.cern.ch/slc6_amd64_gcc493/external/gcc/4.9.3/bin/../lib/gcc/x86_64-redhat-linux-gnu/4.9.3/../../..] ==> dir [/cvmfs/cms.cern.ch/slc6_amd64_gcc493/external/gcc/4.9.3/bin/../lib/gcc/x86_64-redhat-linux-gnu/4.9.3/../../..]
    arg [CMakeFiles/cmTC_8fcc3.dir/CMakeCXXCompilerABI.cpp.o] ==> ignore
    arg [-lstdc++] ==> lib [stdc++]
    arg [-lm] ==> lib [m]
    arg [-lgcc_s] ==> lib [gcc_s]
    arg [-lgcc] ==> lib [gcc]
    arg [-lc] ==> lib [c]
    arg [-lgcc_s] ==> lib [gcc_s]
    arg [-lgcc] ==> lib [gcc]
    arg [/cvmfs/cms.cern.ch/slc6_amd64_gcc493/external/gcc/4.9.3/bin/../lib/gcc/x86_64-redhat-linux-gnu/4.9.3/crtend.o] ==> ignore
    arg [/usr/lib/../lib64/crtn.o] ==> ignore
  remove lib [gcc_s]
  remove lib [gcc]
  remove lib [gcc_s]
  remove lib [gcc]
  collapse library dir [/cvmfs/cms.cern.ch/slc6_amd64_gcc493/external/gcc/4.9.3/bin/../lib/gcc/x86_64-redhat-linux-gnu/4.9.3] ==> [/cvmfs/cms.cern.ch/slc6_amd64_gcc493/external/gcc/4.9.3/lib/gcc/x86_64-redhat-linux-gnu/4.9.3]
  collapse library dir [/cvmfs/cms.cern.ch/slc6_amd64_gcc493/external/gcc/4.9.3/bin/../lib/gcc] ==> [/cvmfs/cms.cern.ch/slc6_amd64_gcc493/external/gcc/4.9.3/lib/gcc]
  collapse library dir [/cvmfs/cms.cern.ch/slc6_amd64_gcc493/external/gcc/4.9.3/bin/../lib/gcc/x86_64-redhat-linux-gnu/4.9.3/../../../../lib64] ==> [/cvmfs/cms.cern.ch/slc6_amd64_gcc493/external/gcc/4.9.3/lib64]
  collapse library dir [/lib/../lib64] ==> [/lib64]
  collapse library dir [/usr/lib/../lib64] ==> [/usr/lib64]
  collapse library dir [/cvmfs/cms.cern.ch/slc6_amd64_gcc493/external/gcc/4.9.3/bin/../lib/gcc/x86_64-redhat-linux-gnu/4.9.3/../../../../x86_64-redhat-linux-gnu/lib] ==> [/cvmfs/cms.cern.ch/slc6_amd64_gcc493/external/gcc/4.9.3/x86_64-redhat-linux-gnu/lib]
  collapse library dir [/cvmfs/cms.cern.ch/slc6_amd64_gcc493/external/gcc/4.9.3/bin/../lib/gcc/x86_64-redhat-linux-gnu/4.9.3/../../..] ==> [/cvmfs/cms.cern.ch/slc6_amd64_gcc493/external/gcc/4.9.3/lib]
  implicit libs: [stdc++;m;c]
  implicit dirs: [/cvmfs/cms.cern.ch/slc6_amd64_gcc493/external/gcc/4.9.3/lib/gcc/x86_64-redhat-linux-gnu/4.9.3;/cvmfs/cms.cern.ch/slc6_amd64_gcc493/external/gcc/4.9.3/lib/gcc;/cvmfs/cms.cern.ch/slc6_amd64_gcc493/external/gcc/4.9.3/lib64;/lib64;/usr/lib64;/cvmfs/cms.cern.ch/slc6_amd64_gcc493/external/gcc/4.9.3/x86_64-redhat-linux-gnu/lib;/cvmfs/cms.cern.ch/slc6_amd64_gcc493/external/gcc/4.9.3/lib]
  implicit fwks: []




Detecting CXX [-std=c++14] compiler features compiled with the following output:
Change Dir: /data/cmszfs1/user/revering/geant/si_target/TTarg-Build/CMakeFiles/CMakeTmp

Run Build Command:"/cvmfs/cms.cern.ch/slc6_amd64_gcc493/cms/cmssw/CMSSW_7_6_4/external/slc6_amd64_gcc493/bin/gmake" "cmTC_46caf/fast"
/cvmfs/cms.cern.ch/slc6_amd64_gcc493/cms/cmssw/CMSSW_7_6_4/external/slc6_amd64_gcc493/bin/gmake -f CMakeFiles/cmTC_46caf.dir/build.make CMakeFiles/cmTC_46caf.dir/build
gmake[1]: Entering directory `/data/cmszfs1/user/revering/geant/si_target/TTarg-Build/CMakeFiles/CMakeTmp'
Building CXX object CMakeFiles/cmTC_46caf.dir/feature_tests.cxx.o
/cvmfs/cms.cern.ch/slc6_amd64_gcc493/external/gcc/4.9.3/bin/c++     -std=c++14 -o CMakeFiles/cmTC_46caf.dir/feature_tests.cxx.o -c /data/cmszfs1/user/revering/geant/si_target/TTarg-Build/CMakeFiles/feature_tests.cxx
Linking CXX executable cmTC_46caf
/cvmfs/cms.cern.ch/slc6_amd64_gcc493/external/cmake/3.5.2/bin/cmake -E cmake_link_script CMakeFiles/cmTC_46caf.dir/link.txt --verbose=1
/cvmfs/cms.cern.ch/slc6_amd64_gcc493/external/gcc/4.9.3/bin/c++        CMakeFiles/cmTC_46caf.dir/feature_tests.cxx.o  -o cmTC_46caf -rdynamic 
gmake[1]: Leaving directory `/data/cmszfs1/user/revering/geant/si_target/TTarg-Build/CMakeFiles/CMakeTmp'


    Feature record: CXX_FEATURE:0cxx_aggregate_default_initializers
    Feature record: CXX_FEATURE:1cxx_alias_templates
    Feature record: CXX_FEATURE:1cxx_alignas
    Feature record: CXX_FEATURE:1cxx_alignof
    Feature record: CXX_FEATURE:1cxx_attributes
    Feature record: CXX_FEATURE:1cxx_attribute_deprecated
    Feature record: CXX_FEATURE:1cxx_auto_type
    Feature record: CXX_FEATURE:1cxx_binary_literals
    Feature record: CXX_FEATURE:1cxx_constexpr
    Feature record: CXX_FEATURE:1cxx_contextual_conversions
    Feature record: CXX_FEATURE:1cxx_decltype
    Feature record: CXX_FEATURE:1cxx_decltype_auto
    Feature record: CXX_FEATURE:1cxx_decltype_incomplete_return_types
    Feature record: CXX_FEATURE:1cxx_default_function_template_args
    Feature record: CXX_FEATURE:1cxx_defaulted_functions
    Feature record: CXX_FEATURE:1cxx_defaulted_move_initializers
    Feature record: CXX_FEATURE:1cxx_delegating_constructors
    Feature record: CXX_FEATURE:1cxx_deleted_functions
    Feature record: CXX_FEATURE:1cxx_digit_separators
    Feature record: CXX_FEATURE:1cxx_enum_forward_declarations
    Feature record: CXX_FEATURE:1cxx_explicit_conversions
    Feature record: CXX_FEATURE:1cxx_extended_friend_declarations
    Feature record: CXX_FEATURE:1cxx_extern_templates
    Feature record: CXX_FEATURE:1cxx_final
    Feature record: CXX_FEATURE:1cxx_func_identifier
    Feature record: CXX_FEATURE:1cxx_generalized_initializers
    Feature record: CXX_FEATURE:1cxx_generic_lambdas
    Feature record: CXX_FEATURE:1cxx_inheriting_constructors
    Feature record: CXX_FEATURE:1cxx_inline_namespaces
    Feature record: CXX_FEATURE:1cxx_lambdas
    Feature record: CXX_FEATURE:1cxx_lambda_init_captures
    Feature record: CXX_FEATURE:1cxx_local_type_template_args
    Feature record: CXX_FEATURE:1cxx_long_long_type
    Feature record: CXX_FEATURE:1cxx_noexcept
    Feature record: CXX_FEATURE:1cxx_nonstatic_member_init
    Feature record: CXX_FEATURE:1cxx_nullptr
    Feature record: CXX_FEATURE:1cxx_override
    Feature record: CXX_FEATURE:1cxx_range_for
    Feature record: CXX_FEATURE:1cxx_raw_string_literals
    Feature record: CXX_FEATURE:1cxx_reference_qualified_functions
    Feature record: CXX_FEATURE:0cxx_relaxed_constexpr
    Feature record: CXX_FEATURE:1cxx_return_type_deduction
    Feature record: CXX_FEATURE:1cxx_right_angle_brackets
    Feature record: CXX_FEATURE:1cxx_rvalue_references
    Feature record: CXX_FEATURE:1cxx_sizeof_member
    Feature record: CXX_FEATURE:1cxx_static_assert
    Feature record: CXX_FEATURE:1cxx_strong_enums
    Feature record: CXX_FEATURE:1cxx_template_template_parameters
    Feature record: CXX_FEATURE:1cxx_thread_local
    Feature record: CXX_FEATURE:1cxx_trailing_return_types
    Feature record: CXX_FEATURE:1cxx_unicode_literals
    Feature record: CXX_FEATURE:1cxx_uniform_initialization
    Feature record: CXX_FEATURE:1cxx_unrestricted_unions
    Feature record: CXX_FEATURE:1cxx_user_literals
    Feature record: CXX_FEATURE:0cxx_variable_templates
    Feature record: CXX_FEATURE:1cxx_variadic_macros
    Feature record: CXX_FEATURE:1cxx_variadic_templates


Detecting CXX [-std=c++11] compiler features compiled with the following output:
Change Dir: /data/cmszfs1/user/revering/geant/si_target/TTarg-Build/CMakeFiles/CMakeTmp

Run Build Command:"/cvmfs/cms.cern.ch/slc6_amd64_gcc493/cms/cmssw/CMSSW_7_6_4/external/slc6_amd64_gcc493/bin/gmake" "cmTC_b1062/fast"
/cvmfs/cms.cern.ch/slc6_amd64_gcc493/cms/cmssw/CMSSW_7_6_4/external/slc6_amd64_gcc493/bin/gmake -f CMakeFiles/cmTC_b1062.dir/build.make CMakeFiles/cmTC_b1062.dir/build
gmake[1]: Entering directory `/data/cmszfs1/user/revering/geant/si_target/TTarg-Build/CMakeFiles/CMakeTmp'
Building CXX object CMakeFiles/cmTC_b1062.dir/feature_tests.cxx.o
/cvmfs/cms.cern.ch/slc6_amd64_gcc493/external/gcc/4.9.3/bin/c++     -std=c++11 -o CMakeFiles/cmTC_b1062.dir/feature_tests.cxx.o -c /data/cmszfs1/user/revering/geant/si_target/TTarg-Build/CMakeFiles/feature_tests.cxx
Linking CXX executable cmTC_b1062
/cvmfs/cms.cern.ch/slc6_amd64_gcc493/external/cmake/3.5.2/bin/cmake -E cmake_link_script CMakeFiles/cmTC_b1062.dir/link.txt --verbose=1
/cvmfs/cms.cern.ch/slc6_amd64_gcc493/external/gcc/4.9.3/bin/c++        CMakeFiles/cmTC_b1062.dir/feature_tests.cxx.o  -o cmTC_b1062 -rdynamic 
gmake[1]: Leaving directory `/data/cmszfs1/user/revering/geant/si_target/TTarg-Build/CMakeFiles/CMakeTmp'


    Feature record: CXX_FEATURE:0cxx_aggregate_default_initializers
    Feature record: CXX_FEATURE:1cxx_alias_templates
    Feature record: CXX_FEATURE:1cxx_alignas
    Feature record: CXX_FEATURE:1cxx_alignof
    Feature record: CXX_FEATURE:1cxx_attributes
    Feature record: CXX_FEATURE:0cxx_attribute_deprecated
    Feature record: CXX_FEATURE:1cxx_auto_type
    Feature record: CXX_FEATURE:0cxx_binary_literals
    Feature record: CXX_FEATURE:1cxx_constexpr
    Feature record: CXX_FEATURE:0cxx_contextual_conversions
    Feature record: CXX_FEATURE:1cxx_decltype
    Feature record: CXX_FEATURE:0cxx_decltype_auto
    Feature record: CXX_FEATURE:1cxx_decltype_incomplete_return_types
    Feature record: CXX_FEATURE:1cxx_default_function_template_args
    Feature record: CXX_FEATURE:1cxx_defaulted_functions
    Feature record: CXX_FEATURE:1cxx_defaulted_move_initializers
    Feature record: CXX_FEATURE:1cxx_delegating_constructors
    Feature record: CXX_FEATURE:1cxx_deleted_functions
    Feature record: CXX_FEATURE:0cxx_digit_separators
    Feature record: CXX_FEATURE:1cxx_enum_forward_declarations
    Feature record: CXX_FEATURE:1cxx_explicit_conversions
    Feature record: CXX_FEATURE:1cxx_extended_friend_declarations
    Feature record: CXX_FEATURE:1cxx_extern_templates
    Feature record: CXX_FEATURE:1cxx_final
    Feature record: CXX_FEATURE:1cxx_func_identifier
    Feature record: CXX_FEATURE:1cxx_generalized_initializers
    Feature record: CXX_FEATURE:0cxx_generic_lambdas
    Feature record: CXX_FEATURE:1cxx_inheriting_constructors
    Feature record: CXX_FEATURE:1cxx_inline_namespaces
    Feature record: CXX_FEATURE:1cxx_lambdas
    Feature record: CXX_FEATURE:0cxx_lambda_init_captures
    Feature record: CXX_FEATURE:1cxx_local_type_template_args
    Feature record: CXX_FEATURE:1cxx_long_long_type
    Feature record: CXX_FEATURE:1cxx_noexcept
    Feature record: CXX_FEATURE:1cxx_nonstatic_member_init
    Feature record: CXX_FEATURE:1cxx_nullptr
    Feature record: CXX_FEATURE:1cxx_override
    Feature record: CXX_FEATURE:1cxx_range_for
    Feature record: CXX_FEATURE:1cxx_raw_string_literals
    Feature record: CXX_FEATURE:1cxx_reference_qualified_functions
    Feature record: CXX_FEATURE:0cxx_relaxed_constexpr
    Feature record: CXX_FEATURE:0cxx_return_type_deduction
    Feature record: CXX_FEATURE:1cxx_right_angle_brackets
    Feature record: CXX_FEATURE:1cxx_rvalue_references
    Feature record: CXX_FEATURE:1cxx_sizeof_member
    Feature record: CXX_FEATURE:1cxx_static_assert
    Feature record: CXX_FEATURE:1cxx_strong_enums
    Feature record: CXX_FEATURE:1cxx_template_template_parameters
    Feature record: CXX_FEATURE:1cxx_thread_local
    Feature record: CXX_FEATURE:1cxx_trailing_return_types
    Feature record: CXX_FEATURE:1cxx_unicode_literals
    Feature record: CXX_FEATURE:1cxx_uniform_initialization
    Feature record: CXX_FEATURE:1cxx_unrestricted_unions
    Feature record: CXX_FEATURE:1cxx_user_literals
    Feature record: CXX_FEATURE:0cxx_variable_templates
    Feature record: CXX_FEATURE:1cxx_variadic_macros
    Feature record: CXX_FEATURE:1cxx_variadic_templates


Detecting CXX [-std=c++98] compiler features compiled with the following output:
Change Dir: /data/cmszfs1/user/revering/geant/si_target/TTarg-Build/CMakeFiles/CMakeTmp

Run Build Command:"/cvmfs/cms.cern.ch/slc6_amd64_gcc493/cms/cmssw/CMSSW_7_6_4/external/slc6_amd64_gcc493/bin/gmake" "cmTC_3f228/fast"
/cvmfs/cms.cern.ch/slc6_amd64_gcc493/cms/cmssw/CMSSW_7_6_4/external/slc6_amd64_gcc493/bin/gmake -f CMakeFiles/cmTC_3f228.dir/build.make CMakeFiles/cmTC_3f228.dir/build
gmake[1]: Entering directory `/data/cmszfs1/user/revering/geant/si_target/TTarg-Build/CMakeFiles/CMakeTmp'
Building CXX object CMakeFiles/cmTC_3f228.dir/feature_tests.cxx.o
/cvmfs/cms.cern.ch/slc6_amd64_gcc493/external/gcc/4.9.3/bin/c++     -std=c++98 -o CMakeFiles/cmTC_3f228.dir/feature_tests.cxx.o -c /data/cmszfs1/user/revering/geant/si_target/TTarg-Build/CMakeFiles/feature_tests.cxx
Linking CXX executable cmTC_3f228
/cvmfs/cms.cern.ch/slc6_amd64_gcc493/external/cmake/3.5.2/bin/cmake -E cmake_link_script CMakeFiles/cmTC_3f228.dir/link.txt --verbose=1
/cvmfs/cms.cern.ch/slc6_amd64_gcc493/external/gcc/4.9.3/bin/c++        CMakeFiles/cmTC_3f228.dir/feature_tests.cxx.o  -o cmTC_3f228 -rdynamic 
gmake[1]: Leaving directory `/data/cmszfs1/user/revering/geant/si_target/TTarg-Build/CMakeFiles/CMakeTmp'


    Feature record: CXX_FEATURE:0cxx_aggregate_default_initializers
    Feature record: CXX_FEATURE:0cxx_alias_templates
    Feature record: CXX_FEATURE:0cxx_alignas
    Feature record: CXX_FEATURE:0cxx_alignof
    Feature record: CXX_FEATURE:0cxx_attributes
    Feature record: CXX_FEATURE:0cxx_attribute_deprecated
    Feature record: CXX_FEATURE:0cxx_auto_type
    Feature record: CXX_FEATURE:0cxx_binary_literals
    Feature record: CXX_FEATURE:0cxx_constexpr
    Feature record: CXX_FEATURE:0cxx_contextual_conversions
    Feature record: CXX_FEATURE:0cxx_decltype
    Feature record: CXX_FEATURE:0cxx_decltype_auto
    Feature record: CXX_FEATURE:0cxx_decltype_incomplete_return_types
    Feature record: CXX_FEATURE:0cxx_default_function_template_args
    Feature record: CXX_FEATURE:0cxx_defaulted_functions
    Feature record: CXX_FEATURE:0cxx_defaulted_move_initializers
    Feature record: CXX_FEATURE:0cxx_delegating_constructors
    Feature record: CXX_FEATURE:0cxx_deleted_functions
    Feature record: CXX_FEATURE:0cxx_digit_separators
    Feature record: CXX_FEATURE:0cxx_enum_forward_declarations
    Feature record: CXX_FEATURE:0cxx_explicit_conversions
    Feature record: CXX_FEATURE:0cxx_extended_friend_declarations
    Feature record: CXX_FEATURE:0cxx_extern_templates
    Feature record: CXX_FEATURE:0cxx_final
    Feature record: CXX_FEATURE:0cxx_func_identifier
    Feature record: CXX_FEATURE:0cxx_generalized_initializers
    Feature record: CXX_FEATURE:0cxx_generic_lambdas
    Feature record: CXX_FEATURE:0cxx_inheriting_constructors
    Feature record: CXX_FEATURE:0cxx_inline_namespaces
    Feature record: CXX_FEATURE:0cxx_lambdas
    Feature record: CXX_FEATURE:0cxx_lambda_init_captures
    Feature record: CXX_FEATURE:0cxx_local_type_template_args
    Feature record: CXX_FEATURE:0cxx_long_long_type
    Feature record: CXX_FEATURE:0cxx_noexcept
    Feature record: CXX_FEATURE:0cxx_nonstatic_member_init
    Feature record: CXX_FEATURE:0cxx_nullptr
    Feature record: CXX_FEATURE:0cxx_override
    Feature record: CXX_FEATURE:0cxx_range_for
    Feature record: CXX_FEATURE:0cxx_raw_string_literals
    Feature record: CXX_FEATURE:0cxx_reference_qualified_functions
    Feature record: CXX_FEATURE:0cxx_relaxed_constexpr
    Feature record: CXX_FEATURE:0cxx_return_type_deduction
    Feature record: CXX_FEATURE:0cxx_right_angle_brackets
    Feature record: CXX_FEATURE:0cxx_rvalue_references
    Feature record: CXX_FEATURE:0cxx_sizeof_member
    Feature record: CXX_FEATURE:0cxx_static_assert
    Feature record: CXX_FEATURE:0cxx_strong_enums
    Feature record: CXX_FEATURE:1cxx_template_template_parameters
    Feature record: CXX_FEATURE:0cxx_thread_local
    Feature record: CXX_FEATURE:0cxx_trailing_return_types
    Feature record: CXX_FEATURE:0cxx_unicode_literals
    Feature record: CXX_FEATURE:0cxx_uniform_initialization
    Feature record: CXX_FEATURE:0cxx_unrestricted_unions
    Feature record: CXX_FEATURE:0cxx_user_literals
    Feature record: CXX_FEATURE:0cxx_variable_templates
    Feature record: CXX_FEATURE:0cxx_variadic_macros
    Feature record: CXX_FEATURE:0cxx_variadic_templates
